<?xml version="1.0" encoding="UTF-8"?>
<testng-results ignored="0" total="1" passed="1" failed="0" skipped="0">
  <reporter-output>
  </reporter-output>
  <suite started-at="2024-12-16T12:01:25 IST" name="Default suite" finished-at="2024-12-16T12:01:44 IST" duration-ms="19270">
    <groups>
    </groups>
    <test started-at="2024-12-16T12:01:25 IST" name="Default test" finished-at="2024-12-16T12:01:44 IST" duration-ms="19270">
      <class name="DEMO.CreateOrganization1">
        <test-method is-config="true" signature="bs()[pri:0, instance:DEMO.CreateOrganization1@4ec4f3a0]" started-at="2024-12-16T12:01:25 IST" name="bs" finished-at="2024-12-16T12:01:25 IST" duration-ms="9" status="PASS">
          <reporter-output>
          </reporter-output>
        </test-method> <!-- bs -->
        <test-method is-config="true" signature="bt()[pri:0, instance:DEMO.CreateOrganization1@4ec4f3a0]" started-at="2024-12-16T12:01:25 IST" name="bt" finished-at="2024-12-16T12:01:25 IST" duration-ms="1" status="PASS">
          <reporter-output>
          </reporter-output>
        </test-method> <!-- bt -->
        <test-method is-config="true" signature="bc()[pri:0, instance:DEMO.CreateOrganization1@4ec4f3a0]" started-at="2024-12-16T12:01:25 IST" name="bc" finished-at="2024-12-16T12:01:28 IST" duration-ms="3782" status="PASS">
          <reporter-output>
          </reporter-output>
        </test-method> <!-- bc -->
        <test-method is-config="true" signature="bm()[pri:0, instance:DEMO.CreateOrganization1@4ec4f3a0]" started-at="2024-12-16T12:01:28 IST" name="bm" finished-at="2024-12-16T12:01:32 IST" duration-ms="3316" status="PASS">
          <reporter-output>
          </reporter-output>
        </test-method> <!-- bm -->
        <test-method signature="CreateOrganizationTest()[pri:0, instance:DEMO.CreateOrganization1@4ec4f3a0]" started-at="2024-12-16T12:01:32 IST" name="CreateOrganizationTest" finished-at="2024-12-16T12:01:42 IST" duration-ms="10052" status="PASS">
          <reporter-output>
          </reporter-output>
        </test-method> <!-- CreateOrganizationTest -->
        <test-method is-config="true" signature="am()[pri:0, instance:DEMO.CreateOrganization1@4ec4f3a0]" started-at="2024-12-16T12:01:42 IST" name="am" finished-at="2024-12-16T12:01:43 IST" duration-ms="1731" status="PASS">
          <reporter-output>
          </reporter-output>
        </test-method> <!-- am -->
        <test-method is-config="true" signature="ac()[pri:0, instance:DEMO.CreateOrganization1@4ec4f3a0]" started-at="2024-12-16T12:01:43 IST" name="ac" finished-at="2024-12-16T12:01:44 IST" duration-ms="354" status="PASS">
          <reporter-output>
          </reporter-output>
        </test-method> <!-- ac -->
        <test-method is-config="true" signature="at()[pri:0, instance:DEMO.CreateOrganization1@4ec4f3a0]" started-at="2024-12-16T12:01:44 IST" name="at" finished-at="2024-12-16T12:01:44 IST" duration-ms="0" status="PASS">
          <reporter-output>
          </reporter-output>
        </test-method> <!-- at -->
        <test-method is-config="true" signature="as()[pri:0, instance:DEMO.CreateOrganization1@4ec4f3a0]" started-at="2024-12-16T12:01:44 IST" name="as" finished-at="2024-12-16T12:01:44 IST" duration-ms="0" status="PASS">
          <reporter-output>
          </reporter-output>
        </test-method> <!-- as -->
      </class> <!-- DEMO.CreateOrganization1 -->
    </test> <!-- Default test -->
  </suite> <!-- Default suite -->
</testng-results>
